0 info it worked if it ends with ok
1 verbose cli [ 'node', '/usr/local/bin/npm', 'test' ]
2 info using npm@1.1.49
3 info using node@v0.8.7
4 verbose read json /Users/johann/Documents/dev/jQueryum-Annihilationem/package.json
5 error Failed to parse json
5 error Unexpected string
6 error File: /Users/johann/Documents/dev/jQueryum-Annihilationem/package.json
7 error Failed to parse package.json data.
7 error package.json must be actual JSON, not just JavaScript.
7 error
7 error This is not a bug in npm.
7 error Tell the package author to fix their package.json file. JSON.parse
8 error System Darwin 12.0.0
9 error command "node" "/usr/local/bin/npm" "test"
10 error cwd /Users/johann/Documents/dev/jQueryum-Annihilationem
11 error node -v v0.8.7
12 error npm -v 1.1.49
13 error file /Users/johann/Documents/dev/jQueryum-Annihilationem/package.json
14 error code EJSONPARSE
15 verbose exit [ 1, true ]
